This file contains any messages produced by compilers while
running configure, to aid debugging if configure makes a mistake.

It was created by configure, which was
generated by GNU Autoconf 2.69.  Invocation command line was

  $ ./configure --with-pcre-libdir= --with-pcre-incdir=

## --------- ##
## Platform. ##
## --------- ##

hostname = lun-hp407workstation
uname -m = x86_64
uname -r = 5.15.161-1-MANJARO
uname -s = Linux
uname -v = #1 SMP PREEMPT Wed Jun 19 14:06:33 UTC 2024

/usr/bin/uname -p = unknown
/bin/uname -X     = unknown

/bin/arch              = unknown
/usr/bin/arch -k       = unknown
/usr/convex/getsysinfo = unknown
/usr/bin/hostinfo      = unknown
/bin/machine           = unknown
/usr/bin/oslevel       = unknown
/bin/universe          = unknown

PATH: /opt/cuda/bin/
PATH: /usr/bin/
PATH: /home/lun/workspace/bin/
PATH: /home/lun/.local/bin
PATH: /usr/local/bin
PATH: /usr/bin
PATH: /bin
PATH: /usr/local/sbin
PATH: /opt/cuda/bin
PATH: /opt/cuda/nsight_compute
PATH: /opt/cuda/nsight_systems/bin
PATH: /usr/lib/jvm/default/bin
PATH: /usr/bin/site_perl
PATH: /usr/bin/vendor_perl
PATH: /usr/bin/core_perl
PATH: /var/lib/snapd/snap/bin


## ----------- ##
## Core tests. ##
## ----------- ##

configure:2105: checking build system type
configure:2119: result: x86_64-pc-linux-gnu
configure:2139: checking host system type
configure:2152: result: x86_64-pc-linux-gnu
configure:2245: checking for gcc
configure:2261: found /usr/bin//gcc
configure:2272: result: gcc
configure:2501: checking for C compiler version
configure:2510: gcc --version >&5
gcc (GCC) 14.1.1 20240522
Copyright (C) 2024 Free Software Foundation, Inc.
This is free software; see the source for copying conditions.  There is NO
warranty; not even for MERCHANTABILITY or FITNESS FOR A PARTICULAR PURPOSE.

configure:2521: $? = 0
configure:2510: gcc -v >&5
Using built-in specs.
COLLECT_GCC=gcc
COLLECT_LTO_WRAPPER=/usr/lib/gcc/x86_64-pc-linux-gnu/14.1.1/lto-wrapper
Target: x86_64-pc-linux-gnu
Configured with: /build/gcc/src/gcc/configure --enable-languages=ada,c,c++,d,fortran,go,lto,m2,objc,obj-c++,rust --enable-bootstrap --prefix=/usr --libdir=/usr/lib --libexecdir=/usr/lib --mandir=/usr/share/man --infodir=/usr/share/info --with-bugurl=https://gitlab.archlinux.org/archlinux/packaging/packages/gcc/-/issues --with-build-config=bootstrap-lto --with-linker-hash-style=gnu --with-system-zlib --enable-__cxa_atexit --enable-cet=auto --enable-checking=release --enable-clocale=gnu --enable-default-pie --enable-default-ssp --enable-gnu-indirect-function --enable-gnu-unique-object --enable-libstdcxx-backtrace --enable-link-serialization=1 --enable-linker-build-id --enable-lto --enable-multilib --enable-plugin --enable-shared --enable-threads=posix --disable-libssp --disable-libstdcxx-pch --disable-werror
Thread model: posix
Supported LTO compression algorithms: zlib zstd
gcc version 14.1.1 20240522 (GCC) 
configure:2521: $? = 0
configure:2510: gcc -V >&5
gcc: error: unrecognized command-line option '-V'
gcc: fatal error: no input files
compilation terminated.
configure:2521: $? = 1
configure:2510: gcc -qversion >&5
gcc: error: unrecognized command-line option '-qversion'; did you mean '--version'?
gcc: fatal error: no input files
compilation terminated.
configure:2521: $? = 1
configure:2541: checking whether the C compiler works
configure:2563: gcc    conftest.c  >&5
configure:2567: $? = 0
configure:2615: result: yes
configure:2618: checking for C compiler default output file name
configure:2620: result: a.out
configure:2626: checking for suffix of executables
configure:2633: gcc -o conftest    conftest.c  >&5
configure:2637: $? = 0
configure:2659: result: 
configure:2681: checking whether we are cross compiling
configure:2689: gcc -o conftest    conftest.c  >&5
configure:2693: $? = 0
configure:2700: ./conftest
configure:2704: $? = 0
configure:2719: result: no
configure:2724: checking for suffix of object files
configure:2746: gcc -c   conftest.c >&5
configure:2750: $? = 0
configure:2771: result: o
configure:2775: checking whether we are using the GNU C compiler
configure:2794: gcc -c   conftest.c >&5
configure:2794: $? = 0
configure:2803: result: yes
configure:2812: checking whether gcc accepts -g
configure:2832: gcc -c -g  conftest.c >&5
configure:2832: $? = 0
configure:2873: result: yes
configure:2890: checking for gcc option to accept ISO C89
configure:2953: gcc  -c -g -O2  conftest.c >&5
configure:2953: $? = 0
configure:2966: result: none needed
configure:2987: checking for main in -lpcre
configure:3006: gcc -o conftest -g -O2   conftest.c -lpcre   >&5
configure:3006: $? = 0
configure:3015: result: yes
configure:3043: checking how to run the C preprocessor
configure:3074: gcc -E  conftest.c
configure:3074: $? = 0
configure:3088: gcc -E  conftest.c
conftest.c:10:10: fatal error: ac_nonexistent.h: No such file or directory
   10 | #include <ac_nonexistent.h>
      |          ^~~~~~~~~~~~~~~~~~
compilation terminated.
configure:3088: $? = 1
configure: failed program was:
| /* confdefs.h */
| #define PACKAGE_NAME ""
| #define PACKAGE_TARNAME ""
| #define PACKAGE_VERSION ""
| #define PACKAGE_STRING ""
| #define PACKAGE_BUGREPORT ""
| #define PACKAGE_URL ""
| #define HAVE_LIBPCRE 1
| /* end confdefs.h.  */
| #include <ac_nonexistent.h>
configure:3113: result: gcc -E
configure:3133: gcc -E  conftest.c
configure:3133: $? = 0
configure:3147: gcc -E  conftest.c
conftest.c:10:10: fatal error: ac_nonexistent.h: No such file or directory
   10 | #include <ac_nonexistent.h>
      |          ^~~~~~~~~~~~~~~~~~
compilation terminated.
configure:3147: $? = 1
configure: failed program was:
| /* confdefs.h */
| #define PACKAGE_NAME ""
| #define PACKAGE_TARNAME ""
| #define PACKAGE_VERSION ""
| #define PACKAGE_STRING ""
| #define PACKAGE_BUGREPORT ""
| #define PACKAGE_URL ""
| #define HAVE_LIBPCRE 1
| /* end confdefs.h.  */
| #include <ac_nonexistent.h>
configure:3176: checking for grep that handles long lines and -e
configure:3234: result: /usr/bin//grep
configure:3239: checking for egrep
configure:3301: result: /usr/bin//grep -E
configure:3306: checking for ANSI C header files
configure:3326: gcc -c -g -O2  conftest.c >&5
configure:3326: $? = 0
configure:3399: gcc -o conftest -g -O2   conftest.c -lpcre  >&5
configure:3399: $? = 0
configure:3399: ./conftest
configure:3399: $? = 0
configure:3410: result: yes
configure:3423: checking for sys/types.h
configure:3423: gcc -c -g -O2  conftest.c >&5
configure:3423: $? = 0
configure:3423: result: yes
configure:3423: checking for sys/stat.h
configure:3423: gcc -c -g -O2  conftest.c >&5
configure:3423: $? = 0
configure:3423: result: yes
configure:3423: checking for stdlib.h
configure:3423: gcc -c -g -O2  conftest.c >&5
configure:3423: $? = 0
configure:3423: result: yes
configure:3423: checking for string.h
configure:3423: gcc -c -g -O2  conftest.c >&5
configure:3423: $? = 0
configure:3423: result: yes
configure:3423: checking for memory.h
configure:3423: gcc -c -g -O2  conftest.c >&5
configure:3423: $? = 0
configure:3423: result: yes
configure:3423: checking for strings.h
configure:3423: gcc -c -g -O2  conftest.c >&5
configure:3423: $? = 0
configure:3423: result: yes
configure:3423: checking for inttypes.h
configure:3423: gcc -c -g -O2  conftest.c >&5
configure:3423: $? = 0
configure:3423: result: yes
configure:3423: checking for stdint.h
configure:3423: gcc -c -g -O2  conftest.c >&5
configure:3423: $? = 0
configure:3423: result: yes
configure:3423: checking for unistd.h
configure:3423: gcc -c -g -O2  conftest.c >&5
configure:3423: $? = 0
configure:3423: result: yes
configure:3438: checking pcre.h usability
configure:3438: gcc -c -g -O2  conftest.c >&5
configure:3438: $? = 0
configure:3438: result: yes
configure:3438: checking pcre.h presence
configure:3438: gcc -E  conftest.c
configure:3438: $? = 0
configure:3438: result: yes
configure:3438: checking for pcre.h
configure:3438: result: yes
configure:3620: creating ./config.status

## ---------------------- ##
## Running config.status. ##
## ---------------------- ##

This file was extended by config.status, which was
generated by GNU Autoconf 2.69.  Invocation command line was

  CONFIG_FILES    = 
  CONFIG_HEADERS  = 
  CONFIG_LINKS    = 
  CONFIG_COMMANDS = 
  $ ./config.status 

on lun-hp407workstation

config.status:735: creating pcre_info.P

## ---------------- ##
## Cache variables. ##
## ---------------- ##

ac_cv_build=x86_64-pc-linux-gnu
ac_cv_c_compiler_gnu=yes
ac_cv_env_CC_set=
ac_cv_env_CC_value=
ac_cv_env_CFLAGS_set=
ac_cv_env_CFLAGS_value=
ac_cv_env_CPPFLAGS_set=
ac_cv_env_CPPFLAGS_value=
ac_cv_env_CPP_set=
ac_cv_env_CPP_value=
ac_cv_env_LDFLAGS_set=
ac_cv_env_LDFLAGS_value=
ac_cv_env_LIBS_set=
ac_cv_env_LIBS_value=
ac_cv_env_build_alias_set=
ac_cv_env_build_alias_value=
ac_cv_env_host_alias_set=
ac_cv_env_host_alias_value=
ac_cv_env_target_alias_set=
ac_cv_env_target_alias_value=
ac_cv_header_inttypes_h=yes
ac_cv_header_memory_h=yes
ac_cv_header_pcre_h=yes
ac_cv_header_stdc=yes
ac_cv_header_stdint_h=yes
ac_cv_header_stdlib_h=yes
ac_cv_header_string_h=yes
ac_cv_header_strings_h=yes
ac_cv_header_sys_stat_h=yes
ac_cv_header_sys_types_h=yes
ac_cv_header_unistd_h=yes
ac_cv_host=x86_64-pc-linux-gnu
ac_cv_lib_pcre_main=yes
ac_cv_objext=o
ac_cv_path_EGREP='/usr/bin//grep -E'
ac_cv_path_GREP=/usr/bin//grep
ac_cv_prog_CPP='gcc -E'
ac_cv_prog_ac_ct_CC=gcc
ac_cv_prog_cc_c89=
ac_cv_prog_cc_g=yes

## ----------------- ##
## Output variables. ##
## ----------------- ##

CC='gcc'
CFLAGS='-g -O2'
CPP='gcc -E'
CPPFLAGS=''
DEFS='-DPACKAGE_NAME=\"\" -DPACKAGE_TARNAME=\"\" -DPACKAGE_VERSION=\"\" -DPACKAGE_STRING=\"\" -DPACKAGE_BUGREPORT=\"\" -DPACKAGE_URL=\"\" -DHAVE_LIBPCRE=1 -DSTDC_HEADERS=1 -DHAVE_SYS_TYPES_H=1 -DHAVE_SYS_STAT_H=1 -DHAVE_STDLIB_H=1 -DHAVE_STRING_H=1 -DHAVE_MEMORY_H=1 -DHAVE_STRINGS_H=1 -DHAVE_INTTYPES_H=1 -DHAVE_STDINT_H=1 -DHAVE_UNISTD_H=1 -DHAVE_PCRE_H=1'
ECHO_C=''
ECHO_N='-n'
ECHO_T=''
EGREP='/usr/bin//grep -E'
EXEEXT=''
GREP='/usr/bin//grep'
LDFLAGS=''
LIBOBJS=''
LIBS='-lpcre '
LTLIBOBJS=''
OBJEXT='o'
PACKAGE_BUGREPORT=''
PACKAGE_NAME=''
PACKAGE_STRING=''
PACKAGE_TARNAME=''
PACKAGE_URL=''
PACKAGE_VERSION=''
PATH_SEPARATOR=':'
SHELL='/bin/sh'
ac_ct_CC='gcc'
bindir='${exec_prefix}/bin'
build='x86_64-pc-linux-gnu'
build_alias=''
build_cpu='x86_64'
build_os='linux-gnu'
build_vendor='pc'
ccflags='-g -O2'
datadir='${datarootdir}'
datarootdir='${prefix}/share'
docdir='${datarootdir}/doc/${PACKAGE}'
dvidir='${docdir}'
exec_prefix='${prefix}'
host='x86_64-pc-linux-gnu'
host_alias=''
host_cpu='x86_64'
host_os='linux-gnu'
host_vendor='pc'
htmldir='${docdir}'
includedir='${prefix}/include'
infodir='${datarootdir}/info'
ldflags=''
libdir=''
libexecdir='${exec_prefix}/libexec'
localedir='${datarootdir}/locale'
localstatedir='${prefix}/var'
mandir='${datarootdir}/man'
oldincludedir='/usr/include'
pdfdir='${docdir}'
prefix='/usr/local'
program_transform_name='s,x,x,'
psdir='${docdir}'
runstatedir='${localstatedir}/run'
sbindir='${exec_prefix}/sbin'
sharedstatedir='${prefix}/com'
support='yes'
sysconfdir='${prefix}/etc'
target_alias=''

## ----------- ##
## confdefs.h. ##
## ----------- ##

/* confdefs.h */
#define PACKAGE_NAME ""
#define PACKAGE_TARNAME ""
#define PACKAGE_VERSION ""
#define PACKAGE_STRING ""
#define PACKAGE_BUGREPORT ""
#define PACKAGE_URL ""
#define HAVE_LIBPCRE 1
#define STDC_HEADERS 1
#define HAVE_SYS_TYPES_H 1
#define HAVE_SYS_STAT_H 1
#define HAVE_STDLIB_H 1
#define HAVE_STRING_H 1
#define HAVE_MEMORY_H 1
#define HAVE_STRINGS_H 1
#define HAVE_INTTYPES_H 1
#define HAVE_STDINT_H 1
#define HAVE_UNISTD_H 1
#define HAVE_PCRE_H 1

configure: exit 0
