This file contains any messages produced by compilers while
running configure, to aid debugging if configure makes a mistake.

It was created by configure, which was
generated by GNU Autoconf 2.69.  Invocation command line was

  $ configure 

## --------- ##
## Platform. ##
## --------- ##

hostname = lun-hp407workstation
uname -m = x86_64
uname -r = 5.15.161-1-MANJARO
uname -s = Linux
uname -v = #1 SMP PREEMPT Wed Jun 19 14:06:33 UTC 2024

/usr/bin/uname -p = unknown
/bin/uname -X     = unknown

/bin/arch              = unknown
/usr/bin/arch -k       = unknown
/usr/convex/getsysinfo = unknown
/usr/bin/hostinfo      = unknown
/bin/machine           = unknown
/usr/bin/oslevel       = unknown
/bin/universe          = unknown

PATH: /opt/cuda/bin/
PATH: /usr/bin/
PATH: /home/lun/workspace/bin/
PATH: /home/lun/.local/bin
PATH: /usr/local/bin
PATH: /usr/bin
PATH: /bin
PATH: /usr/local/sbin
PATH: /opt/cuda/bin
PATH: /opt/cuda/nsight_compute
PATH: /opt/cuda/nsight_systems/bin
PATH: /usr/lib/jvm/default/bin
PATH: /usr/bin/site_perl
PATH: /usr/bin/vendor_perl
PATH: /usr/bin/core_perl
PATH: /var/lib/snapd/snap/bin


## ----------- ##
## Core tests. ##
## ----------- ##

configure:3286: checking build system type
configure:3300: result: x86_64-pc-linux-gnu
configure:3320: checking host system type
configure:3333: result: x86_64-pc-linux-gnu
configure:3371: checking host system type... x86_64-pc-linux-gnu
configure:3470: checking /home/lun/workspace/BMLP/XSB/lib
configure:3472: result: OK
configure:3477: checking /home/lun/workspace/BMLP/XSB/syslib
configure:3479: result: OK
configure:3484: checking /home/lun/workspace/BMLP/XSB/cmplib
configure:3486: result: OK
configure:3497: checking /home/lun/workspace/BMLP/XSB/bin
configure:3499: result: OK
configure:3504: checking /home/lun/workspace/BMLP/XSB/config/x86_64-pc-linux-gnu/bin
configure:3506: result: OK
configure:3511: checking /home/lun/workspace/BMLP/XSB/config/x86_64-pc-linux-gnu/lib
configure:3513: result: OK
configure:3518: checking /home/lun/workspace/BMLP/XSB/config/x86_64-pc-linux-gnu/saved.o
configure:3520: result: OK
configure:3525: checking /home/lun/workspace/BMLP/XSB/site/lib
configure:3527: result: OK
configure:3532: checking /home/lun/workspace/BMLP/XSB/site/config/x86_64-pc-linux-gnu/lib
configure:3534: result: OK
configure:3539: checking /home/lun/workspace/BMLP/XSB/emu
configure:3541: result: OK
configure:3546: checking /home/lun/workspace/BMLP/XSB/lib
configure:3548: result: OK
configure:3553: checking /home/lun/workspace/BMLP/XSB/syslib
configure:3555: result: OK
configure:3560: checking /home/lun/workspace/BMLP/XSB/cmplib
configure:3562: result: OK
configure:3567: checking /home/lun/workspace/BMLP/XSB/bin
configure:3569: result: OK
configure:3574: checking /home/lun/workspace/BMLP/XSB/build
configure:3576: result: OK
configure:3581: checking /home/lun/workspace/BMLP/XSB/config/x86_64-pc-linux-gnu/bin
configure:3583: result: OK
configure:3588: checking /home/lun/workspace/BMLP/XSB/config/x86_64-pc-linux-gnu/lib
configure:3590: result: OK
configure:3595: checking /home/lun/workspace/BMLP/XSB/config/x86_64-pc-linux-gnu/saved.o
configure:3597: result: OK
configure:3602: checking /home/lun/workspace/BMLP/XSB/etc
configure:3604: result: OK
configure:3609: checking /home/lun/workspace/BMLP/XSB/packages
configure:3611: result: OK
configure:3616: checking /home/lun/workspace/BMLP/XSB/packages/xmc
configure:3618: result: OK
configure:3623: checking /home/lun/workspace/BMLP/XSB/examples
configure:3625: result: OK
configure:3630: checking /home/lun/workspace/BMLP/XSB/prolog_includes
configure:3632: result: OK
configure:3698: checking for gcc
configure:3714: found /usr/bin//gcc
configure:3725: result: gcc
configure:3954: checking for C compiler version
configure:3963: gcc --version >&5
gcc (GCC) 14.1.1 20240522
Copyright (C) 2024 Free Software Foundation, Inc.
This is free software; see the source for copying conditions.  There is NO
warranty; not even for MERCHANTABILITY or FITNESS FOR A PARTICULAR PURPOSE.

configure:3974: $? = 0
configure:3963: gcc -v >&5
Using built-in specs.
COLLECT_GCC=gcc
COLLECT_LTO_WRAPPER=/usr/lib/gcc/x86_64-pc-linux-gnu/14.1.1/lto-wrapper
Target: x86_64-pc-linux-gnu
Configured with: /build/gcc/src/gcc/configure --enable-languages=ada,c,c++,d,fortran,go,lto,m2,objc,obj-c++,rust --enable-bootstrap --prefix=/usr --libdir=/usr/lib --libexecdir=/usr/lib --mandir=/usr/share/man --infodir=/usr/share/info --with-bugurl=https://gitlab.archlinux.org/archlinux/packaging/packages/gcc/-/issues --with-build-config=bootstrap-lto --with-linker-hash-style=gnu --with-system-zlib --enable-__cxa_atexit --enable-cet=auto --enable-checking=release --enable-clocale=gnu --enable-default-pie --enable-default-ssp --enable-gnu-indirect-function --enable-gnu-unique-object --enable-libstdcxx-backtrace --enable-link-serialization=1 --enable-linker-build-id --enable-lto --enable-multilib --enable-plugin --enable-shared --enable-threads=posix --disable-libssp --disable-libstdcxx-pch --disable-werror
Thread model: posix
Supported LTO compression algorithms: zlib zstd
gcc version 14.1.1 20240522 (GCC) 
configure:3974: $? = 0
configure:3963: gcc -V >&5
gcc: error: unrecognized command-line option '-V'
gcc: fatal error: no input files
compilation terminated.
configure:3974: $? = 1
configure:3963: gcc -qversion >&5
gcc: error: unrecognized command-line option '-qversion'; did you mean '--version'?
gcc: fatal error: no input files
compilation terminated.
configure:3974: $? = 1
configure:3994: checking whether the C compiler works
configure:4016: gcc    conftest.c  >&5
configure:4020: $? = 0
configure:4068: result: yes
configure:4071: checking for C compiler default output file name
configure:4073: result: a.out
configure:4079: checking for suffix of executables
configure:4086: gcc -o conftest    conftest.c  >&5
configure:4090: $? = 0
configure:4112: result: 
configure:4134: checking whether we are cross compiling
configure:4142: gcc -o conftest    conftest.c  >&5
configure:4146: $? = 0
configure:4153: ./conftest
configure:4157: $? = 0
configure:4172: result: no
configure:4177: checking for suffix of object files
configure:4199: gcc -c   conftest.c >&5
configure:4203: $? = 0
configure:4224: result: o
configure:4228: checking whether we are using the GNU C compiler
configure:4247: gcc -c   conftest.c >&5
configure:4247: $? = 0
configure:4256: result: yes
configure:4265: checking whether gcc accepts -g
configure:4285: gcc -c -g  conftest.c >&5
configure:4285: $? = 0
configure:4326: result: yes
configure:4343: checking for gcc option to accept ISO C89
configure:4406: gcc  -c -g -O2  conftest.c >&5
configure:4406: $? = 0
configure:4419: result: none needed
configure:4444: checking how to run the C preprocessor
configure:4475: gcc -E  conftest.c
configure:4475: $? = 0
configure:4489: gcc -E  conftest.c
conftest.c:19:10: fatal error: ac_nonexistent.h: No such file or directory
   19 | #include <ac_nonexistent.h>
      |          ^~~~~~~~~~~~~~~~~~
compilation terminated.
configure:4489: $? = 1
configure: failed program was:
| /* confdefs.h */
| #define PACKAGE_NAME ""
| #define PACKAGE_TARNAME ""
| #define PACKAGE_VERSION ""
| #define PACKAGE_STRING ""
| #define PACKAGE_BUGREPORT ""
| #define PACKAGE_URL ""
| #define CONFIG_INCLUDED 1
| #define ___ALWAYS_TRUE___ 1
| #define XSB_VERSION "5.0.0 (Green Tea)"
| #define RELEASE_DATE 2022-05-15
| #define RELEASE_YEAR 2022
| #define RELEASE_MONTH 5
| #define RELEASE_DAY 15
| #define LOCAL_EVAL 1
| #define GC 1
| #define SLG_GC 1
| /* end confdefs.h.  */
| #include <ac_nonexistent.h>
configure:4514: result: gcc -E
configure:4534: gcc -E  conftest.c
configure:4534: $? = 0
configure:4548: gcc -E  conftest.c
conftest.c:19:10: fatal error: ac_nonexistent.h: No such file or directory
   19 | #include <ac_nonexistent.h>
      |          ^~~~~~~~~~~~~~~~~~
compilation terminated.
configure:4548: $? = 1
configure: failed program was:
| /* confdefs.h */
| #define PACKAGE_NAME ""
| #define PACKAGE_TARNAME ""
| #define PACKAGE_VERSION ""
| #define PACKAGE_STRING ""
| #define PACKAGE_BUGREPORT ""
| #define PACKAGE_URL ""
| #define CONFIG_INCLUDED 1
| #define ___ALWAYS_TRUE___ 1
| #define XSB_VERSION "5.0.0 (Green Tea)"
| #define RELEASE_DATE 2022-05-15
| #define RELEASE_YEAR 2022
| #define RELEASE_MONTH 5
| #define RELEASE_DAY 15
| #define LOCAL_EVAL 1
| #define GC 1
| #define SLG_GC 1
| /* end confdefs.h.  */
| #include <ac_nonexistent.h>
configure:4590: checking for a BSD-compatible install
configure:4658: result: /usr/bin//install -c
configure:4671: checking for grep that handles long lines and -e
configure:4729: result: /usr/bin//grep
configure:4734: checking for egrep
configure:4796: result: /usr/bin//grep -E
configure:4801: checking for ANSI C header files
configure:4821: gcc -c -g -O2  conftest.c >&5
configure:4821: $? = 0
configure:4894: gcc -o conftest -g -O2   conftest.c  >&5
configure:4894: $? = 0
configure:4894: ./conftest
configure:4894: $? = 0
configure:4905: result: yes
configure:4918: checking for sys/types.h
configure:4918: gcc -c -g -O2  conftest.c >&5
configure:4918: $? = 0
configure:4918: result: yes
configure:4918: checking for sys/stat.h
configure:4918: gcc -c -g -O2  conftest.c >&5
configure:4918: $? = 0
configure:4918: result: yes
configure:4918: checking for stdlib.h
configure:4918: gcc -c -g -O2  conftest.c >&5
configure:4918: $? = 0
configure:4918: result: yes
configure:4918: checking for string.h
configure:4918: gcc -c -g -O2  conftest.c >&5
configure:4918: $? = 0
configure:4918: result: yes
configure:4918: checking for memory.h
configure:4918: gcc -c -g -O2  conftest.c >&5
configure:4918: $? = 0
configure:4918: result: yes
configure:4918: checking for strings.h
configure:4918: gcc -c -g -O2  conftest.c >&5
configure:4918: $? = 0
configure:4918: result: yes
configure:4918: checking for inttypes.h
configure:4918: gcc -c -g -O2  conftest.c >&5
configure:4918: $? = 0
configure:4918: result: yes
configure:4918: checking for stdint.h
configure:4918: gcc -c -g -O2  conftest.c >&5
configure:4918: $? = 0
configure:4918: result: yes
configure:4918: checking for unistd.h
configure:4918: gcc -c -g -O2  conftest.c >&5
configure:4918: $? = 0
configure:4918: result: yes
configure:4931: checking minix/config.h usability
configure:4931: gcc -c -g -O2  conftest.c >&5
conftest.c:62:10: fatal error: minix/config.h: No such file or directory
   62 | #include <minix/config.h>
      |          ^~~~~~~~~~~~~~~~
compilation terminated.
configure:4931: $? = 1
configure: failed program was:
| /* confdefs.h */
| #define PACKAGE_NAME ""
| #define PACKAGE_TARNAME ""
| #define PACKAGE_VERSION ""
| #define PACKAGE_STRING ""
| #define PACKAGE_BUGREPORT ""
| #define PACKAGE_URL ""
| #define CONFIG_INCLUDED 1
| #define ___ALWAYS_TRUE___ 1
| #define XSB_VERSION "5.0.0 (Green Tea)"
| #define RELEASE_DATE 2022-05-15
| #define RELEASE_YEAR 2022
| #define RELEASE_MONTH 5
| #define RELEASE_DAY 15
| #define LOCAL_EVAL 1
| #define GC 1
| #define SLG_GC 1
| #define STDC_HEADERS 1
| #define HAVE_SYS_TYPES_H 1
| #define HAVE_SYS_STAT_H 1
| #define HAVE_STDLIB_H 1
| #define HAVE_STRING_H 1
| #define HAVE_MEMORY_H 1
| #define HAVE_STRINGS_H 1
| #define HAVE_INTTYPES_H 1
| #define HAVE_STDINT_H 1
| #define HAVE_UNISTD_H 1
| /* end confdefs.h.  */
| #include <stdio.h>
| #ifdef HAVE_SYS_TYPES_H
| # include <sys/types.h>
| #endif
| #ifdef HAVE_SYS_STAT_H
| # include <sys/stat.h>
| #endif
| #ifdef STDC_HEADERS
| # include <stdlib.h>
| # include <stddef.h>
| #else
| # ifdef HAVE_STDLIB_H
| #  include <stdlib.h>
| # endif
| #endif
| #ifdef HAVE_STRING_H
| # if !defined STDC_HEADERS && defined HAVE_MEMORY_H
| #  include <memory.h>
| # endif
| # include <string.h>
| #endif
| #ifdef HAVE_STRINGS_H
| # include <strings.h>
| #endif
| #ifdef HAVE_INTTYPES_H
| # include <inttypes.h>
| #endif
| #ifdef HAVE_STDINT_H
| # include <stdint.h>
| #endif
| #ifdef HAVE_UNISTD_H
| # include <unistd.h>
| #endif
| #include <minix/config.h>
configure:4931: result: no
configure:4931: checking minix/config.h presence
configure:4931: gcc -E  conftest.c
conftest.c:29:10: fatal error: minix/config.h: No such file or directory
   29 | #include <minix/config.h>
      |          ^~~~~~~~~~~~~~~~
compilation terminated.
configure:4931: $? = 1
configure: failed program was:
| /* confdefs.h */
| #define PACKAGE_NAME ""
| #define PACKAGE_TARNAME ""
| #define PACKAGE_VERSION ""
| #define PACKAGE_STRING ""
| #define PACKAGE_BUGREPORT ""
| #define PACKAGE_URL ""
| #define CONFIG_INCLUDED 1
| #define ___ALWAYS_TRUE___ 1
| #define XSB_VERSION "5.0.0 (Green Tea)"
| #define RELEASE_DATE 2022-05-15
| #define RELEASE_YEAR 2022
| #define RELEASE_MONTH 5
| #define RELEASE_DAY 15
| #define LOCAL_EVAL 1
| #define GC 1
| #define SLG_GC 1
| #define STDC_HEADERS 1
| #define HAVE_SYS_TYPES_H 1
| #define HAVE_SYS_STAT_H 1
| #define HAVE_STDLIB_H 1
| #define HAVE_STRING_H 1
| #define HAVE_MEMORY_H 1
| #define HAVE_STRINGS_H 1
| #define HAVE_INTTYPES_H 1
| #define HAVE_STDINT_H 1
| #define HAVE_UNISTD_H 1
| /* end confdefs.h.  */
| #include <minix/config.h>
configure:4931: result: no
configure:4931: checking for minix/config.h
configure:4931: result: no
configure:4952: checking whether it is safe to define __EXTENSIONS__
configure:4970: gcc -c -g -O2  conftest.c >&5
configure:4970: $? = 0
configure:4977: result: yes
configure:4995: checking for gcc
configure:5011: found /usr/bin//gcc
configure:5023: result: yes
configure:5032: checking whether we are using SunPro C
configure:5043: gcc -c -g -O2  conftest.c >&5
conftest.c:36:2: error: #error Not a SunPro compiler :-(
   36 | #error Not a  SunPro compiler :-(
      |  ^~~~~
conftest.c:37:9: error: expected identifier or '(' before '==' token
   37 | ******* ======= ******** &&&&&&&&
      |         ^~
configure:5043: $? = 1
configure: failed program was:
| /* confdefs.h */
| #define PACKAGE_NAME ""
| #define PACKAGE_TARNAME ""
| #define PACKAGE_VERSION ""
| #define PACKAGE_STRING ""
| #define PACKAGE_BUGREPORT ""
| #define PACKAGE_URL ""
| #define CONFIG_INCLUDED 1
| #define ___ALWAYS_TRUE___ 1
| #define XSB_VERSION "5.0.0 (Green Tea)"
| #define RELEASE_DATE 2022-05-15
| #define RELEASE_YEAR 2022
| #define RELEASE_MONTH 5
| #define RELEASE_DAY 15
| #define LOCAL_EVAL 1
| #define GC 1
| #define SLG_GC 1
| #define STDC_HEADERS 1
| #define HAVE_SYS_TYPES_H 1
| #define HAVE_SYS_STAT_H 1
| #define HAVE_STDLIB_H 1
| #define HAVE_STRING_H 1
| #define HAVE_MEMORY_H 1
| #define HAVE_STRINGS_H 1
| #define HAVE_INTTYPES_H 1
| #define HAVE_STDINT_H 1
| #define HAVE_UNISTD_H 1
| #define __EXTENSIONS__ 1
| #define _ALL_SOURCE 1
| #define _GNU_SOURCE 1
| #define _POSIX_PTHREAD_SEMANTICS 1
| #define _TANDEM_SOURCE 1
| /* end confdefs.h.  */
| 
| #ifndef __SUNPRO_C
| #error Not a  SunPro compiler :-(
| ******* ======= ******** &&&&&&&&
| #endif
| 
configure:5049: result: no
configure:5274: updating cache /home/lun/workspace/BMLP/XSB/config/x86_64-pc-linux-gnu/config.cache
configure:5359: creating ./config.status

## ---------------------- ##
## Running config.status. ##
## ---------------------- ##

This file was extended by config.status, which was
generated by GNU Autoconf 2.69.  Invocation command line was

  CONFIG_FILES    = 
  CONFIG_HEADERS  = 
  CONFIG_LINKS    = 
  CONFIG_COMMANDS = 
  $ ./config.status 

on lun-hp407workstation

config.status:815: creating /home/lun/workspace/BMLP/XSB/packages/xsbpy/configvars.sh
configure:5266: checking whether make sets $(MAKE)
configure:5288: result: yes
configure:5304: checking size of long int
configure:5309: gcc -o conftest -Wall -pipe -fsigned-char   conftest.c  >&5
configure:5309: $? = 0
configure:5309: ./conftest
configure:5309: $? = 0
configure:5323: result: 8
configure:5389: checking for main in -lm
configure:5408: gcc -o conftest -Wall -pipe -fsigned-char   conftest.c -lm   >&5
conftest.c: In function 'main':
conftest.c:40:1: warning: infinite recursion detected [-Winfinite-recursion]
   40 | main ()
      | ^~~~
conftest.c:42:8: note: recursive call
   42 | return main ();
      |        ^~~~~~~
configure:5408: $? = 0
configure:5417: result: yes
configure:5432: checking for main in -ldl
configure:5451: gcc -o conftest -Wall -pipe -fsigned-char   conftest.c -ldl  -lm  >&5
conftest.c: In function 'main':
conftest.c:41:1: warning: infinite recursion detected [-Winfinite-recursion]
   41 | main ()
      | ^~~~
conftest.c:43:8: note: recursive call
   43 | return main ();
      |        ^~~~~~~
configure:5451: $? = 0
configure:5460: result: yes
configure:5473: checking for main in -lnsl
configure:5492: gcc -o conftest -Wall -pipe -fsigned-char   conftest.c -lnsl  -ldl -lm  >&5
conftest.c: In function 'main':
conftest.c:42:1: warning: infinite recursion detected [-Winfinite-recursion]
   42 | main ()
      | ^~~~
conftest.c:44:8: note: recursive call
   44 | return main ();
      |        ^~~~~~~
configure:5492: $? = 0
configure:5501: result: yes
configure:5514: checking for main in -lpthread
configure:5533: gcc -o conftest -Wall -pipe -fsigned-char   conftest.c -lpthread  -lnsl -ldl -lm  >&5
conftest.c: In function 'main':
conftest.c:43:1: warning: infinite recursion detected [-Winfinite-recursion]
   43 | main ()
      | ^~~~
conftest.c:45:8: note: recursive call
   45 | return main ();
      |        ^~~~~~~
configure:5533: $? = 0
configure:5542: result: yes
configure:5555: checking for main in -lsocket
configure:5574: gcc -o conftest -Wall -pipe -fsigned-char   conftest.c -lsocket  -lpthread -lnsl -ldl -lm  >&5
conftest.c: In function 'main':
conftest.c:44:1: warning: infinite recursion detected [-Winfinite-recursion]
   44 | main ()
      | ^~~~
conftest.c:46:8: note: recursive call
   46 | return main ();
      |        ^~~~~~~
/usr/bin/ld: cannot find -lsocket: No such file or directory
collect2: error: ld returned 1 exit status
configure:5574: $? = 1
configure: failed program was:
| /* confdefs.h */
| #define PACKAGE_NAME ""
| #define PACKAGE_TARNAME ""
| #define PACKAGE_VERSION ""
| #define PACKAGE_STRING ""
| #define PACKAGE_BUGREPORT ""
| #define PACKAGE_URL ""
| #define CONFIG_INCLUDED 1
| #define ___ALWAYS_TRUE___ 1
| #define XSB_VERSION "5.0.0 (Green Tea)"
| #define RELEASE_DATE 2022-05-15
| #define RELEASE_YEAR 2022
| #define RELEASE_MONTH 5
| #define RELEASE_DAY 15
| #define LOCAL_EVAL 1
| #define GC 1
| #define SLG_GC 1
| #define STDC_HEADERS 1
| #define HAVE_SYS_TYPES_H 1
| #define HAVE_SYS_STAT_H 1
| #define HAVE_STDLIB_H 1
| #define HAVE_STRING_H 1
| #define HAVE_MEMORY_H 1
| #define HAVE_STRINGS_H 1
| #define HAVE_INTTYPES_H 1
| #define HAVE_STDINT_H 1
| #define HAVE_UNISTD_H 1
| #define __EXTENSIONS__ 1
| #define _ALL_SOURCE 1
| #define _GNU_SOURCE 1
| #define _POSIX_PTHREAD_SEMANTICS 1
| #define _TANDEM_SOURCE 1
| #define CC "gcc"
| #define SIZEOF_LONG_INT 8
| #define BITS64 1
| #define HAVE_LIBM 1
| #define HAVE_LIBDL 1
| #define HAVE_LIBNSL 1
| #define HAVE_LIBPTHREAD 1
| /* end confdefs.h.  */
| 
| 
| int
| main ()
| {
| return main ();
|   ;
|   return 0;
| }
configure:5583: result: no
configure:5597: checking for readline in -lreadline
configure:5622: gcc -o conftest -Wall -pipe -fsigned-char   conftest.c -lreadline  -lpthread -lnsl -ldl -lm  >&5
configure:5622: $? = 0
configure:5631: result: yes
configure:5642: checking for sched_get_priority_max
configure:5642: gcc -o conftest -Wall -pipe -fsigned-char   conftest.c -lpthread -lnsl -ldl -lm  >&5
configure:5642: $? = 0
configure:5642: result: yes
configure:5691: checking stdarg.h usability
configure:5691: gcc -c -Wall -pipe -fsigned-char  conftest.c >&5
configure:5691: $? = 0
configure:5691: result: yes
configure:5691: checking stdarg.h presence
configure:5691: gcc -E  conftest.c
configure:5691: $? = 0
configure:5691: result: yes
configure:5691: checking for stdarg.h
configure:5691: result: yes
configure:5710: checking sys/time.h usability
configure:5710: gcc -c -Wall -pipe -fsigned-char  conftest.c >&5
configure:5710: $? = 0
configure:5710: result: yes
configure:5710: checking sys/time.h presence
configure:5710: gcc -E  conftest.c
configure:5710: $? = 0
configure:5710: result: yes
configure:5710: checking for sys/time.h
configure:5710: result: yes
configure:5721: checking whether time.h and sys/time.h may both be included
configure:5741: gcc -c -Wall -pipe -fsigned-char  conftest.c >&5
configure:5741: $? = 0
configure:5748: result: yes
configure:5759: checking for malloc
configure:5759: gcc -o conftest -Wall -pipe -fsigned-char   conftest.c -lpthread -lnsl -ldl -lm  >&5
conftest.c:68:6: warning: conflicting types for built-in function 'malloc'; expected 'void *(long unsigned int)' [-Wbuiltin-declaration-mismatch]
   68 | char malloc ();
      |      ^~~~~~
conftest.c:56:1: note: 'malloc' is declared in header '<stdlib.h>'
   55 | # include <limits.h>
   56 | #else
configure:5759: $? = 0
configure:5759: result: yes
configure:5776: checking for unistd.h
configure:5776: result: yes
configure:5776: checking for string.h
configure:5776: result: yes
configure:5776: checking for stdlib.h
configure:5776: result: yes
configure:5794: checking for an ANSI C-conforming const
configure:5860: gcc -c -Wall -pipe -fsigned-char  conftest.c >&5
configure:5860: $? = 0
configure:5867: result: yes
configure:5876: checking return type of signal handlers
configure:5894: gcc -c -Wall -pipe -fsigned-char  conftest.c >&5
conftest.c: In function 'main':
conftest.c:55:10: error: void value not ignored as it ought to be
   55 | return *(signal (0, 0)) (0) == 1;
      |         ~^~~~~~~~~~~~~~~~~~
configure:5894: $? = 1
configure: failed program was:
| /* confdefs.h */
| #define PACKAGE_NAME ""
| #define PACKAGE_TARNAME ""
| #define PACKAGE_VERSION ""
| #define PACKAGE_STRING ""
| #define PACKAGE_BUGREPORT ""
| #define PACKAGE_URL ""
| #define CONFIG_INCLUDED 1
| #define ___ALWAYS_TRUE___ 1
| #define XSB_VERSION "5.0.0 (Green Tea)"
| #define RELEASE_DATE 2022-05-15
| #define RELEASE_YEAR 2022
| #define RELEASE_MONTH 5
| #define RELEASE_DAY 15
| #define LOCAL_EVAL 1
| #define GC 1
| #define SLG_GC 1
| #define STDC_HEADERS 1
| #define HAVE_SYS_TYPES_H 1
| #define HAVE_SYS_STAT_H 1
| #define HAVE_STDLIB_H 1
| #define HAVE_STRING_H 1
| #define HAVE_MEMORY_H 1
| #define HAVE_STRINGS_H 1
| #define HAVE_INTTYPES_H 1
| #define HAVE_STDINT_H 1
| #define HAVE_UNISTD_H 1
| #define __EXTENSIONS__ 1
| #define _ALL_SOURCE 1
| #define _GNU_SOURCE 1
| #define _POSIX_PTHREAD_SEMANTICS 1
| #define _TANDEM_SOURCE 1
| #define CC "gcc"
| #define SIZEOF_LONG_INT 8
| #define BITS64 1
| #define HAVE_LIBM 1
| #define HAVE_LIBDL 1
| #define HAVE_LIBNSL 1
| #define HAVE_LIBPTHREAD 1
| #define HAVE_READLINE 1
| #define HAVE_STDARG_H 1
| #define HAVE_SYS_TIME_H 1
| #define TIME_WITH_SYS_TIME 1
| #define HAVE_MALLOC 1
| #define HAVE_UNISTD_H 1
| #define HAVE_STRING_H 1
| #define HAVE_STDLIB_H 1
| /* end confdefs.h.  */
| #include <sys/types.h>
| #include <signal.h>
| 
| int
| main ()
| {
| return *(signal (0, 0)) (0) == 1;
|   ;
|   return 0;
| }
configure:5901: result: void
configure:5912: checking for strdup
configure:5912: gcc -o conftest -Wall -pipe -fsigned-char   conftest.c -lpthread -lnsl -ldl -lm  >&5
conftest.c:73:6: warning: conflicting types for built-in function 'strdup'; expected 'char *(const char *)' [-Wbuiltin-declaration-mismatch]
   73 | char strdup ();
      |      ^~~~~~
configure:5912: $? = 0
configure:5912: result: yes
configure:5912: checking for mkdir
configure:5912: gcc -o conftest -Wall -pipe -fsigned-char   conftest.c -lpthread -lnsl -ldl -lm  >&5
configure:5912: $? = 0
configure:5912: result: yes
configure:5931: checking for gethostbyname
configure:5931: gcc -o conftest -Wall -pipe -fsigned-char   conftest.c -lpthread -lnsl -ldl -lm  >&5
configure:5931: $? = 0
configure:5931: result: yes
configure:5931: checking for gettimeofday
configure:5931: gcc -o conftest -Wall -pipe -fsigned-char   conftest.c -lpthread -lnsl -ldl -lm  >&5
configure:5931: $? = 0
configure:5931: result: yes
configure:5931: checking for socket
configure:5931: gcc -o conftest -Wall -pipe -fsigned-char   conftest.c -lpthread -lnsl -ldl -lm  >&5
configure:5931: $? = 0
configure:5931: result: yes
configure:5931: checking for snprintf
configure:5931: gcc -o conftest -Wall -pipe -fsigned-char   conftest.c -lpthread -lnsl -ldl -lm  >&5
conftest.c:78:6: warning: conflicting types for built-in function 'snprintf'; expected 'int(char *, long unsigned int,  const char *, ...)' [-Wbuiltin-declaration-mismatch]
   78 | char snprintf ();
      |      ^~~~~~~~
conftest.c:66:1: note: 'snprintf' is declared in header '<stdio.h>'
   65 | # include <limits.h>
   66 | #else
configure:5931: $? = 0
configure:5931: result: yes
configure:5944: checking for regexec
configure:5944: gcc -o conftest -Wall -pipe -fsigned-char   conftest.c -lpthread -lnsl -ldl -lm  >&5
configure:5944: $? = 0
configure:5944: result: yes
configure:5944: checking for regerror
configure:5944: gcc -o conftest -Wall -pipe -fsigned-char   conftest.c -lpthread -lnsl -ldl -lm  >&5
configure:5944: $? = 0
configure:5944: result: yes
configure:5944: checking for regcomp
configure:5944: gcc -o conftest -Wall -pipe -fsigned-char   conftest.c -lpthread -lnsl -ldl -lm  >&5
configure:5944: $? = 0
configure:5944: result: yes
configure:5958: checking for fnmatch
configure:5958: gcc -o conftest -Wall -pipe -fsigned-char   conftest.c -lpthread -lnsl -ldl -lm  >&5
configure:5958: $? = 0
configure:5958: result: yes
configure:5958: checking for glob
configure:5958: gcc -o conftest -Wall -pipe -fsigned-char   conftest.c -lpthread -lnsl -ldl -lm  >&5
configure:5958: $? = 0
configure:5958: result: yes
configure:5958: checking for globfree
configure:5958: gcc -o conftest -Wall -pipe -fsigned-char   conftest.c -lpthread -lnsl -ldl -lm  >&5
configure:5958: $? = 0
configure:5958: result: yes
configure:5972: checking for execvp
configure:5972: gcc -o conftest -Wall -pipe -fsigned-char   conftest.c -lpthread -lnsl -ldl -lm  >&5
conftest.c:85:6: warning: conflicting types for built-in function 'execvp'; expected 'int(const char *, char * const*)' [-Wbuiltin-declaration-mismatch]
   85 | char execvp ();
      |      ^~~~~~
configure:5972: $? = 0
configure:5972: result: yes
configure:6184: checking for itkwish
configure:6216: result: no
configure:6260: checking whether loader understands -Wl,-export-dynamic
configure:6268: gcc -o conftest -Wall -pipe -fsigned-char  -Wl,-export-dynamic conftest.c  -lpthread -lnsl -ldl -lm  >&5
conftest.c:65:1: error: return type defaults to 'int' [-Wimplicit-int]
   65 | main(){return 0;}
      | ^~~~
configure:6268: $? = 1
configure: failed program was:
| /* confdefs.h */
| #define PACKAGE_NAME ""
| #define PACKAGE_TARNAME ""
| #define PACKAGE_VERSION ""
| #define PACKAGE_STRING ""
| #define PACKAGE_BUGREPORT ""
| #define PACKAGE_URL ""
| #define CONFIG_INCLUDED 1
| #define ___ALWAYS_TRUE___ 1
| #define XSB_VERSION "5.0.0 (Green Tea)"
| #define RELEASE_DATE 2022-05-15
| #define RELEASE_YEAR 2022
| #define RELEASE_MONTH 5
| #define RELEASE_DAY 15
| #define LOCAL_EVAL 1
| #define GC 1
| #define SLG_GC 1
| #define STDC_HEADERS 1
| #define HAVE_SYS_TYPES_H 1
| #define HAVE_SYS_STAT_H 1
| #define HAVE_STDLIB_H 1
| #define HAVE_STRING_H 1
| #define HAVE_MEMORY_H 1
| #define HAVE_STRINGS_H 1
| #define HAVE_INTTYPES_H 1
| #define HAVE_STDINT_H 1
| #define HAVE_UNISTD_H 1
| #define __EXTENSIONS__ 1
| #define _ALL_SOURCE 1
| #define _GNU_SOURCE 1
| #define _POSIX_PTHREAD_SEMANTICS 1
| #define _TANDEM_SOURCE 1
| #define CC "gcc"
| #define SIZEOF_LONG_INT 8
| #define BITS64 1
| #define HAVE_LIBM 1
| #define HAVE_LIBDL 1
| #define HAVE_LIBNSL 1
| #define HAVE_LIBPTHREAD 1
| #define HAVE_READLINE 1
| #define HAVE_STDARG_H 1
| #define HAVE_SYS_TIME_H 1
| #define TIME_WITH_SYS_TIME 1
| #define HAVE_MALLOC 1
| #define HAVE_UNISTD_H 1
| #define HAVE_STRING_H 1
| #define HAVE_STDLIB_H 1
| #define RETSIGTYPE void
| #define HAVE_STRDUP 1
| #define HAVE_MKDIR 1
| #define HAVE_GETHOSTBYNAME 1
| #define HAVE_GETTIMEOFDAY 1
| #define HAVE_SOCKET 1
| #define HAVE_SNPRINTF 1
| #define HAVE_REGEXEC 1
| #define HAVE_REGERROR 1
| #define HAVE_REGCOMP 1
| #define HAVE_FNMATCH 1
| #define HAVE_GLOB 1
| #define HAVE_GLOBFREE 1
| #define HAVE_EXECVP 1
| #define JUMPTABLE_EMULOOP 1
| #define INSN_BLOCKS 1
| /* end confdefs.h.  */
| main(){return 0;}
configure:6275: result: no
configure:6503: checking sys/resource.h usability
configure:6503: gcc -c  -fPIC -Wall -pipe -fsigned-char   conftest.c >&5
configure:6503: $? = 0
configure:6503: result: yes
configure:6503: checking sys/resource.h presence
configure:6503: gcc -E  conftest.c
configure:6503: $? = 0
configure:6503: result: yes
configure:6503: checking for sys/resource.h
configure:6503: result: yes
configure:6535: checking for inline
configure:6551: gcc -c  -fPIC -Wall -pipe -fsigned-char   conftest.c >&5
configure:6551: $? = 0
configure:6559: result: inline
configure:6983: checking for javac
configure:7014: result: no
configure:7054: checking jni.h usability
configure:7054: gcc -c  -O3 -fno-strict-aliasing   -fPIC -Wall -pipe -fsigned-char   conftest.c >&5
conftest.c:103:10: fatal error: jni.h: No such file or directory
  103 | #include <jni.h>
      |          ^~~~~~~
compilation terminated.
configure:7054: $? = 1
configure: failed program was:
| /* confdefs.h */
| #define PACKAGE_NAME ""
| #define PACKAGE_TARNAME ""
| #define PACKAGE_VERSION ""
| #define PACKAGE_STRING ""
| #define PACKAGE_BUGREPORT ""
| #define PACKAGE_URL ""
| #define CONFIG_INCLUDED 1
| #define ___ALWAYS_TRUE___ 1
| #define XSB_VERSION "5.0.0 (Green Tea)"
| #define RELEASE_DATE 2022-05-15
| #define RELEASE_YEAR 2022
| #define RELEASE_MONTH 5
| #define RELEASE_DAY 15
| #define LOCAL_EVAL 1
| #define GC 1
| #define SLG_GC 1
| #define STDC_HEADERS 1
| #define HAVE_SYS_TYPES_H 1
| #define HAVE_SYS_STAT_H 1
| #define HAVE_STDLIB_H 1
| #define HAVE_STRING_H 1
| #define HAVE_MEMORY_H 1
| #define HAVE_STRINGS_H 1
| #define HAVE_INTTYPES_H 1
| #define HAVE_STDINT_H 1
| #define HAVE_UNISTD_H 1
| #define __EXTENSIONS__ 1
| #define _ALL_SOURCE 1
| #define _GNU_SOURCE 1
| #define _POSIX_PTHREAD_SEMANTICS 1
| #define _TANDEM_SOURCE 1
| #define CC "gcc"
| #define SIZEOF_LONG_INT 8
| #define BITS64 1
| #define HAVE_LIBM 1
| #define HAVE_LIBDL 1
| #define HAVE_LIBNSL 1
| #define HAVE_LIBPTHREAD 1
| #define HAVE_READLINE 1
| #define HAVE_STDARG_H 1
| #define HAVE_SYS_TIME_H 1
| #define TIME_WITH_SYS_TIME 1
| #define HAVE_MALLOC 1
| #define HAVE_UNISTD_H 1
| #define HAVE_STRING_H 1
| #define HAVE_STDLIB_H 1
| #define RETSIGTYPE void
| #define HAVE_STRDUP 1
| #define HAVE_MKDIR 1
| #define HAVE_GETHOSTBYNAME 1
| #define HAVE_GETTIMEOFDAY 1
| #define HAVE_SOCKET 1
| #define HAVE_SNPRINTF 1
| #define HAVE_REGEXEC 1
| #define HAVE_REGERROR 1
| #define HAVE_REGCOMP 1
| #define HAVE_FNMATCH 1
| #define HAVE_GLOB 1
| #define HAVE_GLOBFREE 1
| #define HAVE_EXECVP 1
| #define JUMPTABLE_EMULOOP 1
| #define INSN_BLOCKS 1
| #define LINUX 1
| #define _GNU_SOURCE 1
| #define LINUX_ELF 1
| #define FOREIGN_ELF 1
| #define HAVE_SYS_RESOURCE_H 1
| /* end confdefs.h.  */
| #include <stdio.h>
| #ifdef HAVE_SYS_TYPES_H
| # include <sys/types.h>
| #endif
| #ifdef HAVE_SYS_STAT_H
| # include <sys/stat.h>
| #endif
| #ifdef STDC_HEADERS
| # include <stdlib.h>
| # include <stddef.h>
| #else
| # ifdef HAVE_STDLIB_H
| #  include <stdlib.h>
| # endif
| #endif
| #ifdef HAVE_STRING_H
| # if !defined STDC_HEADERS && defined HAVE_MEMORY_H
| #  include <memory.h>
| # endif
| # include <string.h>
| #endif
| #ifdef HAVE_STRINGS_H
| # include <strings.h>
| #endif
| #ifdef HAVE_INTTYPES_H
| # include <inttypes.h>
| #endif
| #ifdef HAVE_STDINT_H
| # include <stdint.h>
| #endif
| #ifdef HAVE_UNISTD_H
| # include <unistd.h>
| #endif
| #include <jni.h>
configure:7054: result: no
configure:7054: checking jni.h presence
configure:7054: gcc -E  conftest.c
conftest.c:70:10: fatal error: jni.h: No such file or directory
   70 | #include <jni.h>
      |          ^~~~~~~
compilation terminated.
configure:7054: $? = 1
configure: failed program was:
| /* confdefs.h */
| #define PACKAGE_NAME ""
| #define PACKAGE_TARNAME ""
| #define PACKAGE_VERSION ""
| #define PACKAGE_STRING ""
| #define PACKAGE_BUGREPORT ""
| #define PACKAGE_URL ""
| #define CONFIG_INCLUDED 1
| #define ___ALWAYS_TRUE___ 1
| #define XSB_VERSION "5.0.0 (Green Tea)"
| #define RELEASE_DATE 2022-05-15
| #define RELEASE_YEAR 2022
| #define RELEASE_MONTH 5
| #define RELEASE_DAY 15
| #define LOCAL_EVAL 1
| #define GC 1
| #define SLG_GC 1
| #define STDC_HEADERS 1
| #define HAVE_SYS_TYPES_H 1
| #define HAVE_SYS_STAT_H 1
| #define HAVE_STDLIB_H 1
| #define HAVE_STRING_H 1
| #define HAVE_MEMORY_H 1
| #define HAVE_STRINGS_H 1
| #define HAVE_INTTYPES_H 1
| #define HAVE_STDINT_H 1
| #define HAVE_UNISTD_H 1
| #define __EXTENSIONS__ 1
| #define _ALL_SOURCE 1
| #define _GNU_SOURCE 1
| #define _POSIX_PTHREAD_SEMANTICS 1
| #define _TANDEM_SOURCE 1
| #define CC "gcc"
| #define SIZEOF_LONG_INT 8
| #define BITS64 1
| #define HAVE_LIBM 1
| #define HAVE_LIBDL 1
| #define HAVE_LIBNSL 1
| #define HAVE_LIBPTHREAD 1
| #define HAVE_READLINE 1
| #define HAVE_STDARG_H 1
| #define HAVE_SYS_TIME_H 1
| #define TIME_WITH_SYS_TIME 1
| #define HAVE_MALLOC 1
| #define HAVE_UNISTD_H 1
| #define HAVE_STRING_H 1
| #define HAVE_STDLIB_H 1
| #define RETSIGTYPE void
| #define HAVE_STRDUP 1
| #define HAVE_MKDIR 1
| #define HAVE_GETHOSTBYNAME 1
| #define HAVE_GETTIMEOFDAY 1
| #define HAVE_SOCKET 1
| #define HAVE_SNPRINTF 1
| #define HAVE_REGEXEC 1
| #define HAVE_REGERROR 1
| #define HAVE_REGCOMP 1
| #define HAVE_FNMATCH 1
| #define HAVE_GLOB 1
| #define HAVE_GLOBFREE 1
| #define HAVE_EXECVP 1
| #define JUMPTABLE_EMULOOP 1
| #define INSN_BLOCKS 1
| #define LINUX 1
| #define _GNU_SOURCE 1
| #define LINUX_ELF 1
| #define FOREIGN_ELF 1
| #define HAVE_SYS_RESOURCE_H 1
| /* end confdefs.h.  */
| #include <jni.h>
configure:7054: result: no
configure:7054: checking for jni.h
configure:7054: result: no
configure:7054: checking jni_md.h usability
configure:7054: gcc -c  -O3 -fno-strict-aliasing   -fPIC -Wall -pipe -fsigned-char   conftest.c >&5
conftest.c:103:10: fatal error: jni_md.h: No such file or directory
  103 | #include <jni_md.h>
      |          ^~~~~~~~~~
compilation terminated.
configure:7054: $? = 1
configure: failed program was:
| /* confdefs.h */
| #define PACKAGE_NAME ""
| #define PACKAGE_TARNAME ""
| #define PACKAGE_VERSION ""
| #define PACKAGE_STRING ""
| #define PACKAGE_BUGREPORT ""
| #define PACKAGE_URL ""
| #define CONFIG_INCLUDED 1
| #define ___ALWAYS_TRUE___ 1
| #define XSB_VERSION "5.0.0 (Green Tea)"
| #define RELEASE_DATE 2022-05-15
| #define RELEASE_YEAR 2022
| #define RELEASE_MONTH 5
| #define RELEASE_DAY 15
| #define LOCAL_EVAL 1
| #define GC 1
| #define SLG_GC 1
| #define STDC_HEADERS 1
| #define HAVE_SYS_TYPES_H 1
| #define HAVE_SYS_STAT_H 1
| #define HAVE_STDLIB_H 1
| #define HAVE_STRING_H 1
| #define HAVE_MEMORY_H 1
| #define HAVE_STRINGS_H 1
| #define HAVE_INTTYPES_H 1
| #define HAVE_STDINT_H 1
| #define HAVE_UNISTD_H 1
| #define __EXTENSIONS__ 1
| #define _ALL_SOURCE 1
| #define _GNU_SOURCE 1
| #define _POSIX_PTHREAD_SEMANTICS 1
| #define _TANDEM_SOURCE 1
| #define CC "gcc"
| #define SIZEOF_LONG_INT 8
| #define BITS64 1
| #define HAVE_LIBM 1
| #define HAVE_LIBDL 1
| #define HAVE_LIBNSL 1
| #define HAVE_LIBPTHREAD 1
| #define HAVE_READLINE 1
| #define HAVE_STDARG_H 1
| #define HAVE_SYS_TIME_H 1
| #define TIME_WITH_SYS_TIME 1
| #define HAVE_MALLOC 1
| #define HAVE_UNISTD_H 1
| #define HAVE_STRING_H 1
| #define HAVE_STDLIB_H 1
| #define RETSIGTYPE void
| #define HAVE_STRDUP 1
| #define HAVE_MKDIR 1
| #define HAVE_GETHOSTBYNAME 1
| #define HAVE_GETTIMEOFDAY 1
| #define HAVE_SOCKET 1
| #define HAVE_SNPRINTF 1
| #define HAVE_REGEXEC 1
| #define HAVE_REGERROR 1
| #define HAVE_REGCOMP 1
| #define HAVE_FNMATCH 1
| #define HAVE_GLOB 1
| #define HAVE_GLOBFREE 1
| #define HAVE_EXECVP 1
| #define JUMPTABLE_EMULOOP 1
| #define INSN_BLOCKS 1
| #define LINUX 1
| #define _GNU_SOURCE 1
| #define LINUX_ELF 1
| #define FOREIGN_ELF 1
| #define HAVE_SYS_RESOURCE_H 1
| /* end confdefs.h.  */
| #include <stdio.h>
| #ifdef HAVE_SYS_TYPES_H
| # include <sys/types.h>
| #endif
| #ifdef HAVE_SYS_STAT_H
| # include <sys/stat.h>
| #endif
| #ifdef STDC_HEADERS
| # include <stdlib.h>
| # include <stddef.h>
| #else
| # ifdef HAVE_STDLIB_H
| #  include <stdlib.h>
| # endif
| #endif
| #ifdef HAVE_STRING_H
| # if !defined STDC_HEADERS && defined HAVE_MEMORY_H
| #  include <memory.h>
| # endif
| # include <string.h>
| #endif
| #ifdef HAVE_STRINGS_H
| # include <strings.h>
| #endif
| #ifdef HAVE_INTTYPES_H
| # include <inttypes.h>
| #endif
| #ifdef HAVE_STDINT_H
| # include <stdint.h>
| #endif
| #ifdef HAVE_UNISTD_H
| # include <unistd.h>
| #endif
| #include <jni_md.h>
configure:7054: result: no
configure:7054: checking jni_md.h presence
configure:7054: gcc -E  conftest.c
conftest.c:70:10: fatal error: jni_md.h: No such file or directory
   70 | #include <jni_md.h>
      |          ^~~~~~~~~~
compilation terminated.
configure:7054: $? = 1
configure: failed program was:
| /* confdefs.h */
| #define PACKAGE_NAME ""
| #define PACKAGE_TARNAME ""
| #define PACKAGE_VERSION ""
| #define PACKAGE_STRING ""
| #define PACKAGE_BUGREPORT ""
| #define PACKAGE_URL ""
| #define CONFIG_INCLUDED 1
| #define ___ALWAYS_TRUE___ 1
| #define XSB_VERSION "5.0.0 (Green Tea)"
| #define RELEASE_DATE 2022-05-15
| #define RELEASE_YEAR 2022
| #define RELEASE_MONTH 5
| #define RELEASE_DAY 15
| #define LOCAL_EVAL 1
| #define GC 1
| #define SLG_GC 1
| #define STDC_HEADERS 1
| #define HAVE_SYS_TYPES_H 1
| #define HAVE_SYS_STAT_H 1
| #define HAVE_STDLIB_H 1
| #define HAVE_STRING_H 1
| #define HAVE_MEMORY_H 1
| #define HAVE_STRINGS_H 1
| #define HAVE_INTTYPES_H 1
| #define HAVE_STDINT_H 1
| #define HAVE_UNISTD_H 1
| #define __EXTENSIONS__ 1
| #define _ALL_SOURCE 1
| #define _GNU_SOURCE 1
| #define _POSIX_PTHREAD_SEMANTICS 1
| #define _TANDEM_SOURCE 1
| #define CC "gcc"
| #define SIZEOF_LONG_INT 8
| #define BITS64 1
| #define HAVE_LIBM 1
| #define HAVE_LIBDL 1
| #define HAVE_LIBNSL 1
| #define HAVE_LIBPTHREAD 1
| #define HAVE_READLINE 1
| #define HAVE_STDARG_H 1
| #define HAVE_SYS_TIME_H 1
| #define TIME_WITH_SYS_TIME 1
| #define HAVE_MALLOC 1
| #define HAVE_UNISTD_H 1
| #define HAVE_STRING_H 1
| #define HAVE_STDLIB_H 1
| #define RETSIGTYPE void
| #define HAVE_STRDUP 1
| #define HAVE_MKDIR 1
| #define HAVE_GETHOSTBYNAME 1
| #define HAVE_GETTIMEOFDAY 1
| #define HAVE_SOCKET 1
| #define HAVE_SNPRINTF 1
| #define HAVE_REGEXEC 1
| #define HAVE_REGERROR 1
| #define HAVE_REGCOMP 1
| #define HAVE_FNMATCH 1
| #define HAVE_GLOB 1
| #define HAVE_GLOBFREE 1
| #define HAVE_EXECVP 1
| #define JUMPTABLE_EMULOOP 1
| #define INSN_BLOCKS 1
| #define LINUX 1
| #define _GNU_SOURCE 1
| #define LINUX_ELF 1
| #define FOREIGN_ELF 1
| #define HAVE_SYS_RESOURCE_H 1
| /* end confdefs.h.  */
| #include <jni_md.h>
configure:7054: result: no
configure:7054: checking for jni_md.h
configure:7054: result: no
configure:7274: updating cache /home/lun/workspace/BMLP/XSB/config/x86_64-pc-linux-gnu/config.cache
configure:7323: creating ./config.status

## ---------------------- ##
## Running config.status. ##
## ---------------------- ##

This file was extended by config.status, which was
generated by GNU Autoconf 2.69.  Invocation command line was

  CONFIG_FILES    = 
  CONFIG_HEADERS  = 
  CONFIG_LINKS    = 
  CONFIG_COMMANDS = 
  $ ./config.status 

on lun-hp407workstation

config.status:963: creating /home/lun/workspace/BMLP/XSB/packages/xsbpy/configvars.sh
config.status:963: creating /home/lun/workspace/BMLP/XSB/config/x86_64-pc-linux-gnu/topMakefile
config.status:963: creating /home/lun/workspace/BMLP/XSB/config/x86_64-pc-linux-gnu/emuMakefile
config.status:963: creating /home/lun/workspace/BMLP/XSB/config/x86_64-pc-linux-gnu/modMakefile
config.status:963: creating /home/lun/workspace/BMLP/XSB/config/x86_64-pc-linux-gnu/gppMakefile
config.status:963: creating /home/lun/workspace/BMLP/XSB/config/x86_64-pc-linux-gnu/smoMakefile
config.status:963: creating /home/lun/workspace/BMLP/XSB/config/x86_64-pc-linux-gnu/makedef.sh
config.status:963: creating /home/lun/workspace/BMLP/XSB/config/x86_64-pc-linux-gnu/lib/xsb_configuration.P
config.status:963: creating windows/xsb_configuration.P
config.status:963: creating windows64/xsb_configuration.P
config.status:963: creating makexsb
config.status:963: creating /home/lun/workspace/BMLP/XSB/bin/chr_pp
config.status:963: creating /home/lun/workspace/BMLP/XSB/bin/xsb
config.status:963: creating /home/lun/workspace/BMLP/XSB/config/x86_64-pc-linux-gnu/banner.msg
config.status:963: creating windows/banner.msg
config.status:963: creating windows64/banner.msg
config.status:963: creating windows/MSVC_mkfile.mak
config.status:963: creating windows64/MSVC_mkfile.mak
config.status:963: creating /home/lun/workspace/BMLP/XSB/packages/xmc/xmc-gui
config.status:963: creating /home/lun/workspace/BMLP/XSB/config/x86_64-pc-linux-gnu/xsb_config.h
config.status:963: creating windows/xsb_config.h
config.status:1138: windows/xsb_config.h is unchanged
config.status:963: creating windows/xsb_debug.h
config.status:1138: windows/xsb_debug.h is unchanged
config.status:963: creating windows64/xsb_config.h
config.status:1138: windows64/xsb_config.h is unchanged
config.status:963: creating windows64/xsb_debug.h
config.status:1138: windows64/xsb_debug.h is unchanged
config.status:963: creating /home/lun/workspace/BMLP/XSB/config/x86_64-pc-linux-gnu/xsb_debug.h

## ---------------- ##
## Cache variables. ##
## ---------------- ##

ac_cv_build=x86_64-pc-linux-gnu
ac_cv_c_compiler_gnu=yes
ac_cv_c_const=yes
ac_cv_c_inline=inline
ac_cv_env_CCC_set=
ac_cv_env_CCC_value=
ac_cv_env_CC_set=
ac_cv_env_CC_value=
ac_cv_env_CFLAGS_set=
ac_cv_env_CFLAGS_value=
ac_cv_env_CPPFLAGS_set=
ac_cv_env_CPPFLAGS_value=
ac_cv_env_CPP_set=
ac_cv_env_CPP_value=
ac_cv_env_CXXFLAGS_set=
ac_cv_env_CXXFLAGS_value=
ac_cv_env_CXX_set=
ac_cv_env_CXX_value=
ac_cv_env_LDFLAGS_set=
ac_cv_env_LDFLAGS_value=
ac_cv_env_LIBS_set=
ac_cv_env_LIBS_value=
ac_cv_env_build_alias_set=
ac_cv_env_build_alias_value=
ac_cv_env_host_alias_set=
ac_cv_env_host_alias_value=
ac_cv_env_target_alias_set=
ac_cv_env_target_alias_value=
ac_cv_func_execvp=yes
ac_cv_func_fnmatch=yes
ac_cv_func_gethostbyname=yes
ac_cv_func_gettimeofday=yes
ac_cv_func_glob=yes
ac_cv_func_globfree=yes
ac_cv_func_malloc=yes
ac_cv_func_mkdir=yes
ac_cv_func_regcomp=yes
ac_cv_func_regerror=yes
ac_cv_func_regexec=yes
ac_cv_func_sched_get_priority_max=yes
ac_cv_func_snprintf=yes
ac_cv_func_socket=yes
ac_cv_func_strdup=yes
ac_cv_header_inttypes_h=yes
ac_cv_header_jni_h=no
ac_cv_header_jni_md_h=no
ac_cv_header_memory_h=yes
ac_cv_header_minix_config_h=no
ac_cv_header_stdarg_h=yes
ac_cv_header_stdc=yes
ac_cv_header_stdint_h=yes
ac_cv_header_stdlib_h=yes
ac_cv_header_string_h=yes
ac_cv_header_strings_h=yes
ac_cv_header_sys_resource_h=yes
ac_cv_header_sys_stat_h=yes
ac_cv_header_sys_time_h=yes
ac_cv_header_sys_types_h=yes
ac_cv_header_time=yes
ac_cv_header_unistd_h=yes
ac_cv_host=x86_64-pc-linux-gnu
ac_cv_lib_dl_main=yes
ac_cv_lib_m_main=yes
ac_cv_lib_nsl_main=yes
ac_cv_lib_pthread_main=yes
ac_cv_lib_readline_readline=yes
ac_cv_lib_socket_main=no
ac_cv_objext=o
ac_cv_path_EGREP='/usr/bin//grep -E'
ac_cv_path_GREP=/usr/bin//grep
ac_cv_path_install='/usr/bin//install -c'
ac_cv_path_itkwish_path=no
ac_cv_path_java_path=no
ac_cv_prog_CPP='gcc -E'
ac_cv_prog_ac_ct_CC=gcc
ac_cv_prog_cc_c89=
ac_cv_prog_cc_g=yes
ac_cv_prog_has_gcc=yes
ac_cv_prog_make_make_set=yes
ac_cv_safe_to_define___extensions__=yes
ac_cv_sizeof_long_int=8
ac_cv_type_signal=void

## ----------------- ##
## Output variables. ##
## ----------------- ##

CC='gcc'
CFLAGS='  -O3 -fno-strict-aliasing   -fPIC -Wall -pipe -fsigned-char   '
CPP='gcc -E'
CPPFLAGS=''
CROSS_SIMULATOR=''
CXX=''
CXXFLAGS=''
DEFS='-DHAVE_CONFIG_H'
DLLTYPE='nodll'
DYNMOD_LDFLAGS='-shared'
DYNMOD_SHAREDLIB_EXTENSION='so'
ECHO_C=''
ECHO_N='-n'
ECHO_T=''
EGREP='/usr/bin//grep -E'
EXEEXT=''
GPPCFLAGS=''
GPPWNTFLAG=''
GREP='/usr/bin//grep'
INSTALL_DATA='${INSTALL} -m 644'
INSTALL_PROGRAM='${INSTALL}'
INSTALL_SCRIPT='${INSTALL}'
INTERPROLOGOBJ=''
INTERPROLOGSRC=''
JAVA_HEADER_PATH=''
JAVA_PLATFORM_HEADER_PATH=''
LD='gcc'
LDFLAGS='  -lm -ldl -lpthread'
LIBOBJS=''
LIBS=' -lpthread -lnsl -ldl -lm '
LTLIBOBJS=''
MEMFLAG=''
OBJEXT='o'
ODBCOBJ=''
ODBCSRC=''
ODBC_CFLAGS=''
PACKAGE_BUGREPORT=''
PACKAGE_NAME=''
PACKAGE_STRING=''
PACKAGE_TARNAME=''
PACKAGE_URL=''
PACKAGE_VERSION=''
PATH_SEPARATOR=':'
SET_MAKE=''
SHELL='/bin/sh'
XASPDEFFILE=''
XASPLIBNAME=''
XSBMOD_LDFLAGS=' -nodefaultlibs -nostartfiles '
XSB_INTERPROLOG=''
ac_ct_CC='gcc'
ac_ct_CXX=''
arch_bindir='/home/lun/workspace/BMLP/XSB/config/x86_64-pc-linux-gnu/bin'
arch_config_file='/home/lun/workspace/BMLP/XSB/config/x86_64-pc-linux-gnu/lib/xsb_configuration.P'
arch_config_libdir='/home/lun/workspace/BMLP/XSB/config/x86_64-pc-linux-gnu/lib'
arch_config_prefix='/home/lun/workspace/BMLP/XSB/config/x86_64-pc-linux-gnu'
arch_install_config_prefix='/home/lun/workspace/BMLP/XSB/config/x86_64-pc-linux-gnu'
bindir='${exec_prefix}/bin'
build='x86_64-pc-linux-gnu'
build_alias=''
build_cpu='x86_64'
build_os='linux-gnu'
build_vendor='pc'
builtinsCFLAGS=' -O3 -fno-strict-aliasing   -fPIC -Wall -pipe -fsigned-char '
call_scheme='__cdecl'
canonical='x86_64-pc-linux-gnu'
compile_mode='optimal'
config_ln_command='ln -s '
config_tag=''
datadir='${datarootdir}'
datarootdir='${prefix}/share'
docdir='${datarootdir}/doc/${PACKAGE}'
dvidir='${docdir}'
emudir='/home/lun/workspace/BMLP/XSB/emu'
emuloopCFLAGS=' -O3 -fno-strict-aliasing   -fPIC -Wall -pipe -fsigned-char '
emumake_goal='xsb'
engine_mode='slg-wam'
exec_prefix='${prefix}'
force_dynmodule='yes'
full_config_name='x86_64-pc-linux-gnu'
has_gcc='yes'
host='x86_64-pc-linux-gnu'
host_alias=''
host_cpu='x86_64'
host_os='linux-gnu'
host_vendor='pc'
htmldir='${docdir}'
includedir='${prefix}/include'
infodir='${datarootdir}/info'
itkwish_path='no'
java_compiler=''
java_path='./include'
libdir='/home/lun/workspace/BMLP/XSB/lib'
libexecdir='${exec_prefix}/libexec'
loaderCFLAGS=' -O3 -fno-strict-aliasing   -fPIC -Wall -pipe -fsigned-char '
localedir='${datarootdir}/locale'
localstatedir='${prefix}/var'
mandir='${datarootdir}/man'
mno_cyg_inclib=''
mno_cyg_lib=''
mt_mode=''
oldincludedir='/usr/include'
os_type='linux-gnu'
os_version=''
pdfdir='${docdir}'
prefix='/home/lun/workspace/BMLP/XSB'
program_transform_name='s,x,x,'
psdir='${docdir}'
regmatch_support='yes'
release_day='15'
release_month='5'
release_monthname='May'
release_year='2022'
runstatedir='${localstatedir}/run'
sbindir='${exec_prefix}/sbin'
sharedstatedir='${prefix}/com'
site_prefix='/home/lun/workspace/BMLP/XSB/site'
smoCFLAGS=''
smoLDFLAGS=''
smoLIB=''
smodels_goal='nope'
sysconfdir='${prefix}/etc'
target_alias=''
topdir='/home/lun/workspace/BMLP/XSB'
trutilsCFLAGS=' -O3 -fno-strict-aliasing   -fPIC -Wall -pipe -fsigned-char '
wildmatch_support='yes'
with_smodels=''
word_size='64'
xsb_beta_version=''
xsb_build_date='2024-08-05'
xsb_codename='Green Tea'
xsb_full_version_name='5.0.0 (Green Tea)'
xsb_major_version='5'
xsb_minor_version='0'
xsb_obj_extension='.xwam'
xsb_patch_date='Build date: 2024-08-05'
xsb_patch_version='0'
xsb_release_date='2022-05-15'
xsb_scheduling_strategy='local'
xsb_version='5.0.0'

## ----------- ##
## confdefs.h. ##
## ----------- ##

/* confdefs.h */
#define PACKAGE_NAME ""
#define PACKAGE_TARNAME ""
#define PACKAGE_VERSION ""
#define PACKAGE_STRING ""
#define PACKAGE_BUGREPORT ""
#define PACKAGE_URL ""
#define CONFIG_INCLUDED 1
#define ___ALWAYS_TRUE___ 1
#define XSB_VERSION "5.0.0 (Green Tea)"
#define RELEASE_DATE 2022-05-15
#define RELEASE_YEAR 2022
#define RELEASE_MONTH 5
#define RELEASE_DAY 15
#define LOCAL_EVAL 1
#define GC 1
#define SLG_GC 1
#define STDC_HEADERS 1
#define HAVE_SYS_TYPES_H 1
#define HAVE_SYS_STAT_H 1
#define HAVE_STDLIB_H 1
#define HAVE_STRING_H 1
#define HAVE_MEMORY_H 1
#define HAVE_STRINGS_H 1
#define HAVE_INTTYPES_H 1
#define HAVE_STDINT_H 1
#define HAVE_UNISTD_H 1
#define __EXTENSIONS__ 1
#define _ALL_SOURCE 1
#define _GNU_SOURCE 1
#define _POSIX_PTHREAD_SEMANTICS 1
#define _TANDEM_SOURCE 1
#define CC "gcc"
#define SIZEOF_LONG_INT 8
#define BITS64 1
#define HAVE_LIBM 1
#define HAVE_LIBDL 1
#define HAVE_LIBNSL 1
#define HAVE_LIBPTHREAD 1
#define HAVE_READLINE 1
#define HAVE_STDARG_H 1
#define HAVE_SYS_TIME_H 1
#define TIME_WITH_SYS_TIME 1
#define HAVE_MALLOC 1
#define HAVE_UNISTD_H 1
#define HAVE_STRING_H 1
#define HAVE_STDLIB_H 1
#define RETSIGTYPE void
#define HAVE_STRDUP 1
#define HAVE_MKDIR 1
#define HAVE_GETHOSTBYNAME 1
#define HAVE_GETTIMEOFDAY 1
#define HAVE_SOCKET 1
#define HAVE_SNPRINTF 1
#define HAVE_REGEXEC 1
#define HAVE_REGERROR 1
#define HAVE_REGCOMP 1
#define HAVE_FNMATCH 1
#define HAVE_GLOB 1
#define HAVE_GLOBFREE 1
#define HAVE_EXECVP 1
#define JUMPTABLE_EMULOOP 1
#define INSN_BLOCKS 1
#define LINUX 1
#define _GNU_SOURCE 1
#define LINUX_ELF 1
#define FOREIGN_ELF 1
#define HAVE_SYS_RESOURCE_H 1
#define CONFIGURATION "x86_64-pc-linux-gnu"
#define FULL_CONFIG_NAME "x86_64-pc-linux-gnu"

configure: exit 0
